2023-04-02 21:55:24.914058 - Initialized conversion of CBT1041
2023-04-02 21:55:26.366168 - Received SBGOLOB.CBT505.FILE1041 from FILE1041.XMI 
2023-04-02 21:55:26.368792 - Found $$$#DATE.txt (text/plain) in SBGOLOB.CBT505.FILE1041, moved to FILE1041/$$$#DATE
2023-04-02 21:55:26.370115 - Found $README.txt (text/plain) in SBGOLOB.CBT505.FILE1041, moved to FILE1041/$README
2023-04-02 21:55:26.371217 - Found @FIL1041.txt (text/plain) in SBGOLOB.CBT505.FILE1041, moved to FILE1041/@FIL1041
2023-04-02 21:55:26.372234 - Found ANN.txt (text/plain) in SBGOLOB.CBT505.FILE1041, moved to FILE1041/ANN
2023-04-02 21:55:26.373643 - Found B2H.rexx (text/plain) in SBGOLOB.CBT505.FILE1041, moved to FILE1041/B2H
2023-04-02 21:55:26.374796 - Found B2HAPP.txt (text/plain) in SBGOLOB.CBT505.FILE1041, moved to FILE1041/B2HAPP
2023-04-02 21:55:26.374807 - Found B2HEXA.bin containing application/octet-stream, moved to FILE1041/B2HEXA
2023-04-02 21:55:26.377182 - Found B2HINF.txt (text/plain) in SBGOLOB.CBT505.FILE1041, moved to FILE1041/B2HINF
2023-04-02 21:55:26.378270 - Found B2HMSG.txt (text/plain) in SBGOLOB.CBT505.FILE1041, moved to FILE1041/B2HMSG
2023-04-02 21:55:26.378280 - Found B2HNAME.bin containing application/octet-stream, moved to FILE1041/B2HNAME
2023-04-02 21:55:26.381600 - De-xmi-ed B2HPDF to CBT1041/docs/B2HPDF.pdf
2023-04-02 21:55:26.383110 - Found B2HR2.html (text/html) in SBGOLOB.CBT505.FILE1041, moved to FILE1041/B2HR2
2023-04-02 21:55:26.384177 - Found B2HSETUP.html (text/html) in SBGOLOB.CBT505.FILE1041, moved to FILE1041/B2HSETUP
2023-04-02 21:55:26.385288 - Found B2HSYS.txt (text/plain) in SBGOLOB.CBT505.FILE1041, moved to FILE1041/B2HSYS
2023-04-02 21:55:26.386366 - Found B2HUSE.txt (text/plain) in SBGOLOB.CBT505.FILE1041, moved to FILE1041/B2HUSE
2023-04-02 21:55:26.388518 - De-xmi-ed HCDDOC to CBT1041/docs/HCDDOC.pdf
2023-04-02 21:55:26.389969 - Found HTM.html (text/html) in SBGOLOB.CBT505.FILE1041, moved to FILE1041/HTM
2023-04-02 21:55:26.389977 - Found LINKGIF.gif containing image/gif, moved to FILE1041/LINKGIF
2023-04-02 21:55:26.392225 - Found NEW.txt (text/plain) in SBGOLOB.CBT505.FILE1041, moved to FILE1041/NEW
2023-04-02 21:55:26.393215 - Found PKG.txt (text/plain) in SBGOLOB.CBT505.FILE1041, moved to FILE1041/PKG
2023-04-02 21:55:26.394177 - Found PRO.html (text/html) in SBGOLOB.CBT505.FILE1041, moved to FILE1041/PRO
2023-04-02 21:55:26.395193 - Found SCT.html (text/html) in SBGOLOB.CBT505.FILE1041, moved to FILE1041/SCT
2023-04-02 21:55:26.396179 - Found SYM.txt (text/plain) in SBGOLOB.CBT505.FILE1041, moved to FILE1041/SYM
